#-----------------------------------------------------------
# Vivado v2025.2 (64-bit)
# SW Build 6299465 on Fri Nov 14 19:35:11 GMT 2025
# IP Build 6300035 on Fri Nov 14 10:48:45 MST 2025
# SharedData Build 6298862 on Thu Nov 13 04:50:51 MST 2025
# Start of session at: Tue Apr 21 14:34:07 2026
# Process ID         : 35440
# Current directory  : C:/Users/21141/Desktop/AD9361_QPSK/prj
# Command line       : vivado.exe -gui_launcher_event rodinguilauncherevent42580 C:\Users\21141\Desktop\AD9361_QPSK\prj\AD9361_QPSK.xpr
# Log file           : C:/Users/21141/Desktop/AD9361_QPSK/prj/vivado.log
# Journal file       : C:/Users/21141/Desktop/AD9361_QPSK/prj\vivado.jou
# Running On         : CORANGEY_BOOK
# Platform           : Windows Server 2016 or Windows 10
# Operating System   : 26200
# Processor Detail   : 13th Gen Intel(R) Core(TM) i5-13500HX
# CPU Frequency      : 2688 MHz
# CPU Physical cores : 14
# CPU Logical cores  : 20
# Host memory        : 16886 MB
# Swap memory        : 16886 MB
# Total Virtual      : 33772 MB
# Available Virtual  : 9882 MB
#-----------------------------------------------------------
start_gui
open_project C:/Users/21141/Desktop/AD9361_QPSK/prj/AD9361_QPSK.xpr
WARNING: [Board 49-26] cannot add Board Part xilinx.com:vrk160:part0:1.0 available at E:/ProgramFiles/Xilinx/2025.2/data/xhub/boards\XilinxBoardStore\boards\Xilinx\vrk160\1.0\board.xml as part xcvr1602-vsva2488-2mp-e-s-es1 specified in board_part file is either invalid or not available
WARNING: [Board 49-26] cannot add Board Part xilinx.com:vrk160:part0:1.1 available at E:/ProgramFiles/Xilinx/2025.2/data/xhub/boards\XilinxBoardStore\boards\Xilinx\vrk160\1.1\board.xml as part xcvr1602-vsva2488-2mp-e-s-es1 specified in board_part file is either invalid or not available
WARNING: [Board 49-26] cannot add Board Part xilinx.com:zcu208ld:part0:2.0 available at E:/ProgramFiles/Xilinx/2025.2/data/xhub/boards\XilinxBoardStore\boards\Xilinx\zcu208ld\production\2.0\board.xml as part xczu58dr-fsvg1517-2-i specified in board_part file is either invalid or not available
WARNING: [Board 49-26] cannot add Board Part xilinx.com:zcu216ld:part0:2.0 available at E:/ProgramFiles/Xilinx/2025.2/data/xhub/boards\XilinxBoardStore\boards\Xilinx\zcu216ld\production\2.0\board.xml as part xczu59dr-ffvf1760-2-i specified in board_part file is either invalid or not available
WARNING: [Board 49-26] cannot add Board Part xilinx.com:zcu670ld:part0:1.0 available at E:/ProgramFiles/Xilinx/2025.2/data/xhub/boards\XilinxBoardStore\boards\Xilinx\zcu670ld\1.0\board.xml as part xczu57dr-fsve1156-2-i specified in board_part file is either invalid or not available
INFO: [filemgmt 56-3] Default IP Output Path : Could not find the directory 'C:/Users/21141/Desktop/AD9361_QPSK/prj/AD9361_QPSK.gen/sources_1'.
Scanning sources...
Finished scanning sources
WARNING: [Board 49-26] cannot add Board Part xilinx.com:vrk160:part0:1.0 available at E:/ProgramFiles/Xilinx/2025.2/data/xhub/boards\XilinxBoardStore\boards\Xilinx\vrk160\1.0\board.xml as part xcvr1602-vsva2488-2mp-e-s-es1 specified in board_part file is either invalid or not available
WARNING: [Board 49-26] cannot add Board Part xilinx.com:vrk160:part0:1.1 available at E:/ProgramFiles/Xilinx/2025.2/data/xhub/boards\XilinxBoardStore\boards\Xilinx\vrk160\1.1\board.xml as part xcvr1602-vsva2488-2mp-e-s-es1 specified in board_part file is either invalid or not available
WARNING: [Board 49-26] cannot add Board Part xilinx.com:zcu208ld:part0:2.0 available at E:/ProgramFiles/Xilinx/2025.2/data/xhub/boards\XilinxBoardStore\boards\Xilinx\zcu208ld\production\2.0\board.xml as part xczu58dr-fsvg1517-2-i specified in board_part file is either invalid or not available
WARNING: [Board 49-26] cannot add Board Part xilinx.com:zcu216ld:part0:2.0 available at E:/ProgramFiles/Xilinx/2025.2/data/xhub/boards\XilinxBoardStore\boards\Xilinx\zcu216ld\production\2.0\board.xml as part xczu59dr-ffvf1760-2-i specified in board_part file is either invalid or not available
WARNING: [Board 49-26] cannot add Board Part xilinx.com:zcu670ld:part0:1.0 available at E:/ProgramFiles/Xilinx/2025.2/data/xhub/boards\XilinxBoardStore\boards\Xilinx\zcu670ld\1.0\board.xml as part xczu57dr-fsve1156-2-i specified in board_part file is either invalid or not available
WARNING: [Project 1-5713] Board part '' set for the project  is not found. BoardPart property will be unset. Please select board from latest repo build 
INFO: [IP_Flow 19-234] Refreshing IP repositories
INFO: [IP_Flow 19-1704] No user IP repositories specified
INFO: [IP_Flow 19-2313] Loaded Vivado IP repository 'E:/ProgramFiles/Xilinx/2025.2/Vivado/data/ip'.
open_project: Time (s): cpu = 00:00:17 ; elapsed = 00:00:08 . Memory (MB): peak = 1770.398 ; gain = 157.684
update_compile_order -fileset sources_1
add_files -norecurse {C:/Users/21141/Desktop/AD9361_QPSK/rtl/ad9361_tx_top.v C:/Users/21141/Desktop/AD9361_QPSK/rtl/ad9361_unit.v C:/Users/21141/Desktop/AD9361_QPSK/rtl/bb_iq_generator.v C:/Users/21141/Desktop/AD9361_QPSK/rtl/ad9361_lut.v C:/Users/21141/Desktop/AD9361_QPSK/rtl/ad9361_spi_drv.v C:/Users/21141/Desktop/AD9361_QPSK/rtl/ad9361_init.v C:/Users/21141/Desktop/AD9361_QPSK/rtl/ad9361_spi_ctrl.v C:/Users/21141/Desktop/AD9361_QPSK/rtl/ad9361_txdata.v}
WARNING: [filemgmt 56-12] File 'C:/Users/21141/Desktop/AD9361_QPSK/rtl/ad9361_init.v' cannot be added to the project because it already exists in the project, skipping this file
update_compile_order -fileset sources_1
update_compile_order -fileset sources_1
synth_design -top ad9361_tx_top -part xc7z020clg400-1 -lint 
Command: synth_design -top ad9361_tx_top -part xc7z020clg400-1 -lint
Starting synth_design
Attempting to get a license for feature 'Synthesis' and/or device 'xc7z020'
INFO: [Common 17-349] Got license for feature 'Synthesis' and/or device 'xc7z020'
INFO: [Synth 8-7079] Multithreading enabled for synth_design using a maximum of 2 processes.
INFO: [Synth 8-7078] Launching helper process for spawning children vivado processes
INFO: [Synth 8-7075] Helper process launched with PID 2188
---------------------------------------------------------------------------------
Starting Synthesize : Time (s): cpu = 00:00:07 ; elapsed = 00:00:06 . Memory (MB): peak = 2333.539 ; gain = 476.277
---------------------------------------------------------------------------------
Clean up Linter database...
WARNING: [Synth 8-11145] root scope declaration is not allowed in Verilog 95/2K mode [C:/Users/21141/Desktop/AD9361_QPSK/rtl/ad9361_lut.v:5155]
INFO: [Synth 8-6157] synthesizing module 'ad9361_tx_top' [C:/Users/21141/Desktop/AD9361_QPSK/rtl/ad9361_tx_top.v:10]
ERROR: [Synth 8-439] module 'clk_wiz_0' not found [C:/Users/21141/Desktop/AD9361_QPSK/rtl/ad9361_tx_top.v:51]
ERROR: [Synth 8-6156] failed synthesizing module 'ad9361_tx_top' [C:/Users/21141/Desktop/AD9361_QPSK/rtl/ad9361_tx_top.v:10]
---------------------------------------------------------------------------------
Finished Synthesize : Time (s): cpu = 00:00:08 ; elapsed = 00:00:08 . Memory (MB): peak = 2456.219 ; gain = 598.957
---------------------------------------------------------------------------------
synthesize failed
INFO: [Common 17-83] Releasing license: Synthesis
6 Infos, 1 Warnings, 0 Critical Warnings and 2 Errors encountered.
synth_design completed successfully
synth_design: Time (s): cpu = 00:00:08 ; elapsed = 00:00:09 . Memory (MB): peak = 2456.219 ; gain = 610.191
ERROR: [Common 17-39] 'synth_design' failed due to earlier errors.
remove_files  C:/Users/21141/Desktop/AD9361_QPSK/rtl/bb_iq_generator.v
add_files -norecurse C:/Users/21141/Desktop/AD9361_QPSK/rtl/bb_iq_generator.v
WARNING: [filemgmt 56-199] Attempt to get parsing info during refresh. "On-the-fly" syntax checking information may be incorrect. [C:\Users\21141\Desktop\AD9361_QPSK\rtl\bb_iq_generator.v:]
WARNING: [filemgmt 56-199] Attempt to get parsing info during refresh. "On-the-fly" syntax checking information may be incorrect. [C:\Users\21141\Desktop\AD9361_QPSK\rtl\ad9361_spi_ctrl.v:]
WARNING: [filemgmt 56-199] Attempt to get parsing info during refresh. "On-the-fly" syntax checking information may be incorrect. [C:\Users\21141\Desktop\AD9361_QPSK\rtl\bb_iq_generator.v:]
WARNING: [filemgmt 56-199] Attempt to get parsing info during refresh. "On-the-fly" syntax checking information may be incorrect. [C:\Users\21141\Desktop\AD9361_QPSK\rtl\bb_iq_generator.v:]
update_compile_order -fileset sources_1
create_bd_design -dir {C:/Users/21141/Desktop/AD9361_QPSK/ip} "clk_wiz_0"
Wrote  : <C:\Users\21141\Desktop\AD9361_QPSK\ip\clk_wiz_0\clk_wiz_0.bd> 
WARNING: [filemgmt 56-199] Attempt to get parsing info during refresh. "On-the-fly" syntax checking information may be incorrect. [C:\Users\21141\Desktop\AD9361_QPSK\rtl\bb_iq_generator.v:]
WARNING: [filemgmt 56-199] Attempt to get parsing info during refresh. "On-the-fly" syntax checking information may be incorrect. [C:\Users\21141\Desktop\AD9361_QPSK\rtl\ad9361_spi_ctrl.v:]
WARNING: [filemgmt 56-199] Attempt to get parsing info during refresh. "On-the-fly" syntax checking information may be incorrect. [C:\Users\21141\Desktop\AD9361_QPSK\rtl\bb_iq_generator.v:]
WARNING: [filemgmt 56-199] Attempt to get parsing info during refresh. "On-the-fly" syntax checking information may be incorrect. [C:\Users\21141\Desktop\AD9361_QPSK\rtl\bb_iq_generator.v:]
ERROR: [Common 17-180] Spawn failed: 紱釬傖髡俇傖﹝

update_compile_order -fileset sources_1
startgroup
create_bd_cell -type ip -vlnv xilinx.com:ip:clk_wiz:6.0 clk_wiz_0
INFO: [Device 21-403] Loading part xc7z020clg400-1
endgroup
open_bd_design {C:/Users/21141/Desktop/AD9361_QPSK/ip/clk_wiz_0/clk_wiz_0.bd}
set_property -dict [list CONFIG.PRIM_IN_FREQ.VALUE_SRC PROPAGATED] [get_bd_cells clk_wiz_0]
set_property -dict [list \
  CONFIG.CLKOUT1_JITTER {193.154} \
  CONFIG.CLKOUT1_PHASE_ERROR {109.126} \
  CONFIG.CLKOUT1_REQUESTED_OUT_FREQ {20} \
  CONFIG.MMCM_CLKFBOUT_MULT_F {8.500} \
  CONFIG.MMCM_CLKOUT0_DIVIDE_F {42.500} \
  CONFIG.PRIM_SOURCE {Differential_clock_capable_pin} \
  CONFIG.USE_LOCKED {false} \
] [get_bd_cells clk_wiz_0]
open_bd_design {C:/Users/21141/Desktop/AD9361_QPSK/ip/clk_wiz_0/clk_wiz_0.bd}
open_bd_design {C:/Users/21141/Desktop/AD9361_QPSK/ip/clk_wiz_0/clk_wiz_0.bd}
remove_files  C:/Users/21141/Desktop/AD9361_QPSK/ip/clk_wiz_0/clk_wiz_0.bd
Wrote  : <C:/Users/21141/Desktop/AD9361_QPSK/ip/clk_wiz_0/ui/bd_9dac3ddc.ui> 
WARNING: [filemgmt 56-199] Attempt to get parsing info during refresh. "On-the-fly" syntax checking information may be incorrect. [C:\Users\21141\Desktop\AD9361_QPSK\rtl\bb_iq_generator.v:]
WARNING: [filemgmt 56-199] Attempt to get parsing info during refresh. "On-the-fly" syntax checking information may be incorrect. [C:\Users\21141\Desktop\AD9361_QPSK\rtl\ad9361_spi_ctrl.v:]
WARNING: [filemgmt 56-199] Attempt to get parsing info during refresh. "On-the-fly" syntax checking information may be incorrect. [C:\Users\21141\Desktop\AD9361_QPSK\rtl\ad9361_spi_ctrl.v:]
WARNING: [filemgmt 56-199] Attempt to get parsing info during refresh. "On-the-fly" syntax checking information may be incorrect. [C:\Users\21141\Desktop\AD9361_QPSK\rtl\ad9361_spi_ctrl.v:]
ERROR: [Common 17-180] Spawn failed: 紱釬傖髡俇傖﹝

open_hw_manager
create_ip -name clk_wiz -vendor xilinx.com -library ip -version 6.0 -module_name clk_wiz_0
set_property -dict [list \
  CONFIG.CLKIN1_JITTER_PS {50.0} \
  CONFIG.CLKOUT1_JITTER {155.788} \
  CONFIG.CLKOUT1_PHASE_ERROR {94.329} \
  CONFIG.CLKOUT1_REQUESTED_OUT_FREQ {20} \
  CONFIG.MMCM_CLKFBOUT_MULT_F {4.250} \
  CONFIG.MMCM_CLKIN1_PERIOD {5.000} \
  CONFIG.MMCM_CLKIN2_PERIOD {10.0} \
  CONFIG.MMCM_CLKOUT0_DIVIDE_F {42.500} \
  CONFIG.PRIM_IN_FREQ {200} \
  CONFIG.PRIM_SOURCE {Differential_clock_capable_pin} \
  CONFIG.USE_LOCKED {false} \
] [get_ips clk_wiz_0]
generate_target {instantiation_template} [get_files c:/Users/21141/Desktop/AD9361_QPSK/prj/AD9361_QPSK.srcs/sources_1/ip/clk_wiz_0/clk_wiz_0.xci]
INFO: [IP_Flow 19-1686] Generating 'Instantiation Template' target for IP 'clk_wiz_0'...
WARNING: [filemgmt 56-199] Attempt to get parsing info during refresh. "On-the-fly" syntax checking information may be incorrect. [C:\Users\21141\Desktop\AD9361_QPSK\rtl\bb_iq_generator.v:]
WARNING: [filemgmt 56-199] Attempt to get parsing info during refresh. "On-the-fly" syntax checking information may be incorrect. [C:\Users\21141\Desktop\AD9361_QPSK\rtl\ad9361_spi_ctrl.v:]
WARNING: [filemgmt 56-199] Attempt to get parsing info during refresh. "On-the-fly" syntax checking information may be incorrect. [C:\Users\21141\Desktop\AD9361_QPSK\rtl\ad9361_tx_top.v:]
WARNING: [filemgmt 56-199] Attempt to get parsing info during refresh. "On-the-fly" syntax checking information may be incorrect. [C:\Users\21141\Desktop\AD9361_QPSK\rtl\ad9361_spi_ctrl.v:]
WARNING: [filemgmt 56-199] Attempt to get parsing info during refresh. "On-the-fly" syntax checking information may be incorrect. [C:\Users\21141\Desktop\AD9361_QPSK\rtl\ad9361_spi_ctrl.v:]
ERROR: [Common 17-180] Spawn failed: 紱釬傖髡俇傖﹝

WARNING: [filemgmt 56-199] Attempt to get parsing info during refresh. "On-the-fly" syntax checking information may be incorrect. [C:\Users\21141\Desktop\AD9361_QPSK\rtl\bb_iq_generator.v:]
WARNING: [filemgmt 56-199] Attempt to get parsing info during refresh. "On-the-fly" syntax checking information may be incorrect. [C:\Users\21141\Desktop\AD9361_QPSK\rtl\ad9361_spi_ctrl.v:]
WARNING: [filemgmt 56-199] Attempt to get parsing info during refresh. "On-the-fly" syntax checking information may be incorrect. [C:\Users\21141\Desktop\AD9361_QPSK\rtl\ad9361_tx_top.v:]
WARNING: [filemgmt 56-199] Attempt to get parsing info during refresh. "On-the-fly" syntax checking information may be incorrect. [C:\Users\21141\Desktop\AD9361_QPSK\rtl\bb_iq_generator.v:]
WARNING: [filemgmt 56-199] Attempt to get parsing info during refresh. "On-the-fly" syntax checking information may be incorrect. [C:\Users\21141\Desktop\AD9361_QPSK\rtl\bb_iq_generator.v:]
WARNING: [filemgmt 56-199] Attempt to get parsing info during refresh. "On-the-fly" syntax checking information may be incorrect. [C:\Users\21141\Desktop\AD9361_QPSK\rtl\bb_iq_generator.v:]
WARNING: [filemgmt 56-199] Attempt to get parsing info during refresh. "On-the-fly" syntax checking information may be incorrect. [C:\Users\21141\Desktop\AD9361_QPSK\rtl\ad9361_spi_ctrl.v:]
WARNING: [filemgmt 56-199] Attempt to get parsing info during refresh. "On-the-fly" syntax checking information may be incorrect. [C:\Users\21141\Desktop\AD9361_QPSK\rtl\ad9361_tx_top.v:]
WARNING: [filemgmt 56-199] Attempt to get parsing info during refresh. "On-the-fly" syntax checking information may be incorrect. [C:\Users\21141\Desktop\AD9361_QPSK\rtl\ad9361_spi_ctrl.v:]
WARNING: [filemgmt 56-199] Attempt to get parsing info during refresh. "On-the-fly" syntax checking information may be incorrect. [C:\Users\21141\Desktop\AD9361_QPSK\rtl\ad9361_spi_ctrl.v:]
WARNING: [filemgmt 56-199] Attempt to get parsing info during refresh. "On-the-fly" syntax checking information may be incorrect. [C:\Users\21141\Desktop\AD9361_QPSK\rtl\bb_iq_generator.v:]
WARNING: [filemgmt 56-199] Attempt to get parsing info during refresh. "On-the-fly" syntax checking information may be incorrect. [C:\Users\21141\Desktop\AD9361_QPSK\rtl\ad9361_spi_ctrl.v:]
WARNING: [filemgmt 56-199] Attempt to get parsing info during refresh. "On-the-fly" syntax checking information may be incorrect. [C:\Users\21141\Desktop\AD9361_QPSK\rtl\ad9361_tx_top.v:]
WARNING: [filemgmt 56-199] Attempt to get parsing info during refresh. "On-the-fly" syntax checking information may be incorrect. [C:\Users\21141\Desktop\AD9361_QPSK\rtl\ad9361_tx_top.v:]
WARNING: [filemgmt 56-199] Attempt to get parsing info during refresh. "On-the-fly" syntax checking information may be incorrect. [C:\Users\21141\Desktop\AD9361_QPSK\rtl\ad9361_tx_top.v:]
ERROR: [Common 17-180] Spawn failed: 紱釬傖髡俇傖﹝

WARNING: [filemgmt 56-199] Attempt to get parsing info during refresh. "On-the-fly" syntax checking information may be incorrect. [C:\Users\21141\Desktop\AD9361_QPSK\rtl\bb_iq_generator.v:]
WARNING: [filemgmt 56-199] Attempt to get parsing info during refresh. "On-the-fly" syntax checking information may be incorrect. [C:\Users\21141\Desktop\AD9361_QPSK\rtl\ad9361_spi_ctrl.v:]
WARNING: [filemgmt 56-199] Attempt to get parsing info during refresh. "On-the-fly" syntax checking information may be incorrect. [C:\Users\21141\Desktop\AD9361_QPSK\rtl\ad9361_tx_top.v:]
WARNING: [filemgmt 56-199] Attempt to get parsing info during refresh. "On-the-fly" syntax checking information may be incorrect. [C:\Users\21141\Desktop\AD9361_QPSK\rtl\bb_iq_generator.v:]
WARNING: [filemgmt 56-199] Attempt to get parsing info during refresh. "On-the-fly" syntax checking information may be incorrect. [C:\Users\21141\Desktop\AD9361_QPSK\rtl\bb_iq_generator.v:]
update_compile_order -fileset sources_1
WARNING: [filemgmt 56-199] Attempt to get parsing info during refresh. "On-the-fly" syntax checking information may be incorrect. [C:\Users\21141\Desktop\AD9361_QPSK\rtl\bb_iq_generator.v:]
WARNING: [filemgmt 56-199] Attempt to get parsing info during refresh. "On-the-fly" syntax checking information may be incorrect. [C:\Users\21141\Desktop\AD9361_QPSK\rtl\ad9361_spi_ctrl.v:]
WARNING: [filemgmt 56-199] Attempt to get parsing info during refresh. "On-the-fly" syntax checking information may be incorrect. [C:\Users\21141\Desktop\AD9361_QPSK\rtl\ad9361_tx_top.v:]
WARNING: [filemgmt 56-199] Attempt to get parsing info during refresh. "On-the-fly" syntax checking information may be incorrect. [C:\Users\21141\Desktop\AD9361_QPSK\rtl\ad9361_spi_ctrl.v:]
WARNING: [filemgmt 56-199] Attempt to get parsing info during refresh. "On-the-fly" syntax checking information may be incorrect. [C:\Users\21141\Desktop\AD9361_QPSK\rtl\ad9361_spi_ctrl.v:]
ERROR: [Common 17-180] Spawn failed: 紱釬傖髡俇傖﹝

WARNING: [filemgmt 56-199] Attempt to get parsing info during refresh. "On-the-fly" syntax checking information may be incorrect. [C:\Users\21141\Desktop\AD9361_QPSK\rtl\bb_iq_generator.v:]
WARNING: [filemgmt 56-199] Attempt to get parsing info during refresh. "On-the-fly" syntax checking information may be incorrect. [C:\Users\21141\Desktop\AD9361_QPSK\rtl\ad9361_spi_ctrl.v:]
WARNING: [filemgmt 56-199] Attempt to get parsing info during refresh. "On-the-fly" syntax checking information may be incorrect. [C:\Users\21141\Desktop\AD9361_QPSK\rtl\ad9361_tx_top.v:]
WARNING: [filemgmt 56-199] Attempt to get parsing info during refresh. "On-the-fly" syntax checking information may be incorrect. [C:\Users\21141\Desktop\AD9361_QPSK\rtl\bb_iq_generator.v:]
WARNING: [filemgmt 56-199] Attempt to get parsing info during refresh. "On-the-fly" syntax checking information may be incorrect. [C:\Users\21141\Desktop\AD9361_QPSK\rtl\bb_iq_generator.v:]
generate_target all [get_files  c:/Users/21141/Desktop/AD9361_QPSK/prj/AD9361_QPSK.srcs/sources_1/ip/clk_wiz_0/clk_wiz_0.xci]
INFO: [IP_Flow 19-1686] Generating 'Synthesis' target for IP 'clk_wiz_0'...
INFO: [IP_Flow 19-1686] Generating 'Simulation' target for IP 'clk_wiz_0'...
INFO: [IP_Flow 19-1686] Generating 'Implementation' target for IP 'clk_wiz_0'...
INFO: [IP_Flow 19-1686] Generating 'Change Log' target for IP 'clk_wiz_0'...
catch { config_ip_cache -export [get_ips -all clk_wiz_0] }
export_ip_user_files -of_objects [get_files c:/Users/21141/Desktop/AD9361_QPSK/prj/AD9361_QPSK.srcs/sources_1/ip/clk_wiz_0/clk_wiz_0.xci] -no_script -sync -force -quiet
create_ip_run [get_files -of_objects [get_fileset sources_1] c:/Users/21141/Desktop/AD9361_QPSK/prj/AD9361_QPSK.srcs/sources_1/ip/clk_wiz_0/clk_wiz_0.xci]
launch_runs clk_wiz_0_synth_1 -jobs 20
WARNING: [filemgmt 56-199] Attempt to get parsing info during refresh. "On-the-fly" syntax checking information may be incorrect. [C:\Users\21141\Desktop\AD9361_QPSK\rtl\bb_iq_generator.v:]
WARNING: [filemgmt 56-199] Attempt to get parsing info during refresh. "On-the-fly" syntax checking information may be incorrect. [C:\Users\21141\Desktop\AD9361_QPSK\rtl\ad9361_spi_ctrl.v:]
WARNING: [filemgmt 56-199] Attempt to get parsing info during refresh. "On-the-fly" syntax checking information may be incorrect. [C:\Users\21141\Desktop\AD9361_QPSK\rtl\ad9361_tx_top.v:]
WARNING: [filemgmt 56-199] Attempt to get parsing info during refresh. "On-the-fly" syntax checking information may be incorrect. [C:\Users\21141\Desktop\AD9361_QPSK\rtl\bb_iq_generator.v:]
WARNING: [filemgmt 56-199] Attempt to get parsing info during refresh. "On-the-fly" syntax checking information may be incorrect. [C:\Users\21141\Desktop\AD9361_QPSK\rtl\bb_iq_generator.v:]
[Wed Apr 22 15:43:54 2026] Launched clk_wiz_0_synth_1...
Run output will be captured here: C:/Users/21141/Desktop/AD9361_QPSK/prj/AD9361_QPSK.runs/clk_wiz_0_synth_1/runme.log
export_simulation -lib_map_path [list {modelsim=C:/Users/21141/Desktop/AD9361_QPSK/prj/AD9361_QPSK.cache/compile_simlib/modelsim} {questa=C:/Users/21141/Desktop/AD9361_QPSK/prj/AD9361_QPSK.cache/compile_simlib/questa} {riviera=C:/Users/21141/Desktop/AD9361_QPSK/prj/AD9361_QPSK.cache/compile_simlib/riviera} {activehdl=C:/Users/21141/Desktop/AD9361_QPSK/prj/AD9361_QPSK.cache/compile_simlib/activehdl}] -of_objects [get_files c:/Users/21141/Desktop/AD9361_QPSK/prj/AD9361_QPSK.srcs/sources_1/ip/clk_wiz_0/clk_wiz_0.xci] -directory C:/Users/21141/Desktop/AD9361_QPSK/prj/AD9361_QPSK.ip_user_files/sim_scripts -ip_user_files_dir C:/Users/21141/Desktop/AD9361_QPSK/prj/AD9361_QPSK.ip_user_files -ipstatic_source_dir C:/Users/21141/Desktop/AD9361_QPSK/prj/AD9361_QPSK.ip_user_files/ipstatic -use_ip_compiled_libs -force -quiet
WARNING: [IP_Flow 19-4067] Ignoring invalid widget type specified checkbox.Providing a default widget
WARNING: [IP_Flow 19-4067] Ignoring invalid widget type specified checkbox.Providing a default widget
INFO: [IP_Flow 19-3484] Absolute path of file 'c:/Users/21141/Desktop/MatlabProject/MSK_GMSK_Mudulation/MSKcoeFile/data_Ipath.coe' provided. It will be converted relative to IP Instance files '../../../../../../MatlabProject/MSK_GMSK_Mudulation/MSKcoeFile/data_Ipath.coe'
create_ip -name blk_mem_gen -vendor xilinx.com -library ip -version 8.4 -module_name ipath_generator
set_property -dict [list \
  CONFIG.Coe_File {C:/Users/21141/Desktop/MatlabProject/MSK_GMSK_Mudulation/MSKcoeFile/data_Ipath.coe} \
  CONFIG.Enable_A {Always_Enabled} \
  CONFIG.Load_Init_File {true} \
  CONFIG.Memory_Type {Single_Port_ROM} \
  CONFIG.Write_Depth_A {7200} \
  CONFIG.Write_Width_A {12} \
] [get_ips ipath_generator]
INFO: [IP_Flow 19-3484] Absolute path of file 'c:/Users/21141/Desktop/MatlabProject/MSK_GMSK_Mudulation/MSKcoeFile/data_Ipath.coe' provided. It will be converted relative to IP Instance files '../../../../../../MatlabProject/MSK_GMSK_Mudulation/MSKcoeFile/data_Ipath.coe'
INFO: [IP_Flow 19-3484] Absolute path of file 'c:/Users/21141/Desktop/MatlabProject/MSK_GMSK_Mudulation/MSKcoeFile/data_Ipath.coe' provided. It will be converted relative to IP Instance files '../../../../../../MatlabProject/MSK_GMSK_Mudulation/MSKcoeFile/data_Ipath.coe'
generate_target {instantiation_template} [get_files c:/Users/21141/Desktop/AD9361_QPSK/prj/AD9361_QPSK.srcs/sources_1/ip/ipath_generator/ipath_generator.xci]
INFO: [IP_Flow 19-1686] Generating 'Instantiation Template' target for IP 'ipath_generator'...
WARNING: [filemgmt 56-199] Attempt to get parsing info during refresh. "On-the-fly" syntax checking information may be incorrect. [C:\Users\21141\Desktop\AD9361_QPSK\rtl\bb_iq_generator.v:]
WARNING: [filemgmt 56-199] Attempt to get parsing info during refresh. "On-the-fly" syntax checking information may be incorrect. [C:\Users\21141\Desktop\AD9361_QPSK\rtl\ad9361_spi_ctrl.v:]
WARNING: [filemgmt 56-199] Attempt to get parsing info during refresh. "On-the-fly" syntax checking information may be incorrect. [C:\Users\21141\Desktop\AD9361_QPSK\rtl\ad9361_tx_top.v:]
WARNING: [filemgmt 56-199] Attempt to get parsing info during refresh. "On-the-fly" syntax checking information may be incorrect. [C:\Users\21141\Desktop\AD9361_QPSK\rtl\ad9361_tx_top.v:]
WARNING: [filemgmt 56-199] Attempt to get parsing info during refresh. "On-the-fly" syntax checking information may be incorrect. [C:\Users\21141\Desktop\AD9361_QPSK\rtl\ad9361_tx_top.v:]
WARNING: [filemgmt 56-199] Attempt to get parsing info during refresh. "On-the-fly" syntax checking information may be incorrect. [C:\Users\21141\Desktop\AD9361_QPSK\rtl\bb_iq_generator.v:]
WARNING: [filemgmt 56-199] Attempt to get parsing info during refresh. "On-the-fly" syntax checking information may be incorrect. [C:\Users\21141\Desktop\AD9361_QPSK\rtl\ad9361_spi_ctrl.v:]
WARNING: [filemgmt 56-199] Attempt to get parsing info during refresh. "On-the-fly" syntax checking information may be incorrect. [C:\Users\21141\Desktop\AD9361_QPSK\rtl\ad9361_tx_top.v:]
WARNING: [filemgmt 56-199] Attempt to get parsing info during refresh. "On-the-fly" syntax checking information may be incorrect. [C:\Users\21141\Desktop\AD9361_QPSK\rtl\ad9361_spi_ctrl.v:]
WARNING: [filemgmt 56-199] Attempt to get parsing info during refresh. "On-the-fly" syntax checking information may be incorrect. [C:\Users\21141\Desktop\AD9361_QPSK\rtl\ad9361_spi_ctrl.v:]
ERROR: [Common 17-180] Spawn failed: 紱釬傖髡俇傖﹝

WARNING: [filemgmt 56-199] Attempt to get parsing info during refresh. "On-the-fly" syntax checking information may be incorrect. [C:\Users\21141\Desktop\AD9361_QPSK\rtl\bb_iq_generator.v:]
WARNING: [filemgmt 56-199] Attempt to get parsing info during refresh. "On-the-fly" syntax checking information may be incorrect. [C:\Users\21141\Desktop\AD9361_QPSK\rtl\ad9361_spi_ctrl.v:]
WARNING: [filemgmt 56-199] Attempt to get parsing info during refresh. "On-the-fly" syntax checking information may be incorrect. [C:\Users\21141\Desktop\AD9361_QPSK\rtl\ad9361_tx_top.v:]
WARNING: [filemgmt 56-199] Attempt to get parsing info during refresh. "On-the-fly" syntax checking information may be incorrect. [C:\Users\21141\Desktop\AD9361_QPSK\rtl\ad9361_spi_ctrl.v:]
WARNING: [filemgmt 56-199] Attempt to get parsing info during refresh. "On-the-fly" syntax checking information may be incorrect. [C:\Users\21141\Desktop\AD9361_QPSK\rtl\ad9361_spi_ctrl.v:]
WARNING: [filemgmt 56-199] Attempt to get parsing info during refresh. "On-the-fly" syntax checking information may be incorrect. [C:\Users\21141\Desktop\AD9361_QPSK\rtl\bb_iq_generator.v:]
WARNING: [filemgmt 56-199] Attempt to get parsing info during refresh. "On-the-fly" syntax checking information may be incorrect. [C:\Users\21141\Desktop\AD9361_QPSK\rtl\ad9361_spi_ctrl.v:]
WARNING: [filemgmt 56-199] Attempt to get parsing info during refresh. "On-the-fly" syntax checking information may be incorrect. [C:\Users\21141\Desktop\AD9361_QPSK\rtl\ad9361_tx_top.v:]
WARNING: [filemgmt 56-199] Attempt to get parsing info during refresh. "On-the-fly" syntax checking information may be incorrect. [C:\Users\21141\Desktop\AD9361_QPSK\rtl\ad9361_tx_top.v:]
WARNING: [filemgmt 56-199] Attempt to get parsing info during refresh. "On-the-fly" syntax checking information may be incorrect. [C:\Users\21141\Desktop\AD9361_QPSK\rtl\ad9361_tx_top.v:]
update_compile_order -fileset sources_1
WARNING: [filemgmt 56-199] Attempt to get parsing info during refresh. "On-the-fly" syntax checking information may be incorrect. [C:\Users\21141\Desktop\AD9361_QPSK\rtl\bb_iq_generator.v:]
WARNING: [filemgmt 56-199] Attempt to get parsing info during refresh. "On-the-fly" syntax checking information may be incorrect. [C:\Users\21141\Desktop\AD9361_QPSK\rtl\ad9361_spi_ctrl.v:]
WARNING: [filemgmt 56-199] Attempt to get parsing info during refresh. "On-the-fly" syntax checking information may be incorrect. [C:\Users\21141\Desktop\AD9361_QPSK\rtl\ad9361_tx_top.v:]
WARNING: [filemgmt 56-199] Attempt to get parsing info during refresh. "On-the-fly" syntax checking information may be incorrect. [C:\Users\21141\Desktop\AD9361_QPSK\rtl\ad9361_spi_ctrl.v:]
WARNING: [filemgmt 56-199] Attempt to get parsing info during refresh. "On-the-fly" syntax checking information may be incorrect. [C:\Users\21141\Desktop\AD9361_QPSK\rtl\ad9361_spi_ctrl.v:]
WARNING: [filemgmt 56-199] Attempt to get parsing info during refresh. "On-the-fly" syntax checking information may be incorrect. [C:\Users\21141\Desktop\AD9361_QPSK\rtl\bb_iq_generator.v:]
WARNING: [filemgmt 56-199] Attempt to get parsing info during refresh. "On-the-fly" syntax checking information may be incorrect. [C:\Users\21141\Desktop\AD9361_QPSK\rtl\ad9361_spi_ctrl.v:]
WARNING: [filemgmt 56-199] Attempt to get parsing info during refresh. "On-the-fly" syntax checking information may be incorrect. [C:\Users\21141\Desktop\AD9361_QPSK\rtl\ad9361_tx_top.v:]
WARNING: [filemgmt 56-199] Attempt to get parsing info during refresh. "On-the-fly" syntax checking information may be incorrect. [C:\Users\21141\Desktop\AD9361_QPSK\rtl\bb_iq_generator.v:]
WARNING: [filemgmt 56-199] Attempt to get parsing info during refresh. "On-the-fly" syntax checking information may be incorrect. [C:\Users\21141\Desktop\AD9361_QPSK\rtl\bb_iq_generator.v:]
ERROR: [Common 17-180] Spawn failed: 紱釬傖髡俇傖﹝

generate_target all [get_files  c:/Users/21141/Desktop/AD9361_QPSK/prj/AD9361_QPSK.srcs/sources_1/ip/ipath_generator/ipath_generator.xci]
INFO: [IP_Flow 19-1686] Generating 'Synthesis' target for IP 'ipath_generator'...
INFO: [IP_Flow 19-1686] Generating 'Simulation' target for IP 'ipath_generator'...
INFO: [IP_Flow 19-1686] Generating 'Miscellaneous' target for IP 'ipath_generator'...
INFO: [IP_Flow 19-1686] Generating 'Change Log' target for IP 'ipath_generator'...
generate_target: Time (s): cpu = 00:00:05 ; elapsed = 00:00:05 . Memory (MB): peak = 2638.820 ; gain = 5.969
catch { config_ip_cache -export [get_ips -all ipath_generator] }
export_ip_user_files -of_objects [get_files c:/Users/21141/Desktop/AD9361_QPSK/prj/AD9361_QPSK.srcs/sources_1/ip/ipath_generator/ipath_generator.xci] -no_script -sync -force -quiet
create_ip_run [get_files -of_objects [get_fileset sources_1] c:/Users/21141/Desktop/AD9361_QPSK/prj/AD9361_QPSK.srcs/sources_1/ip/ipath_generator/ipath_generator.xci]
launch_runs ipath_generator_synth_1 -jobs 20
[Wed Apr 22 15:47:57 2026] Launched ipath_generator_synth_1...
Run output will be captured here: C:/Users/21141/Desktop/AD9361_QPSK/prj/AD9361_QPSK.runs/ipath_generator_synth_1/runme.log
export_simulation -lib_map_path [list {modelsim=C:/Users/21141/Desktop/AD9361_QPSK/prj/AD9361_QPSK.cache/compile_simlib/modelsim} {questa=C:/Users/21141/Desktop/AD9361_QPSK/prj/AD9361_QPSK.cache/compile_simlib/questa} {riviera=C:/Users/21141/Desktop/AD9361_QPSK/prj/AD9361_QPSK.cache/compile_simlib/riviera} {activehdl=C:/Users/21141/Desktop/AD9361_QPSK/prj/AD9361_QPSK.cache/compile_simlib/activehdl}] -of_objects [get_files c:/Users/21141/Desktop/AD9361_QPSK/prj/AD9361_QPSK.srcs/sources_1/ip/ipath_generator/ipath_generator.xci] -directory C:/Users/21141/Desktop/AD9361_QPSK/prj/AD9361_QPSK.ip_user_files/sim_scripts -ip_user_files_dir C:/Users/21141/Desktop/AD9361_QPSK/prj/AD9361_QPSK.ip_user_files -ipstatic_source_dir C:/Users/21141/Desktop/AD9361_QPSK/prj/AD9361_QPSK.ip_user_files/ipstatic -use_ip_compiled_libs -force -quiet
WARNING: [filemgmt 56-199] Attempt to get parsing info during refresh. "On-the-fly" syntax checking information may be incorrect. [C:\Users\21141\Desktop\AD9361_QPSK\rtl\bb_iq_generator.v:]
WARNING: [filemgmt 56-199] Attempt to get parsing info during refresh. "On-the-fly" syntax checking information may be incorrect. [C:\Users\21141\Desktop\AD9361_QPSK\rtl\ad9361_spi_ctrl.v:]
WARNING: [filemgmt 56-199] Attempt to get parsing info during refresh. "On-the-fly" syntax checking information may be incorrect. [C:\Users\21141\Desktop\AD9361_QPSK\rtl\ad9361_tx_top.v:]
WARNING: [IP_Flow 19-4067] Ignoring invalid widget type specified checkbox.Providing a default widget
WARNING: [IP_Flow 19-4067] Ignoring invalid widget type specified checkbox.Providing a default widget
WARNING: [IP_Flow 19-4067] Ignoring invalid widget type specified checkbox.Providing a default widget
WARNING: [IP_Flow 19-4067] Ignoring invalid widget type specified checkbox.Providing a default widget
INFO: [IP_Flow 19-3484] Absolute path of file 'c:/Users/21141/Desktop/MatlabProject/MSK_GMSK_Mudulation/MSKcoeFile/data_Qpath.coe' provided. It will be converted relative to IP Instance files '../../../../../../MatlabProject/MSK_GMSK_Mudulation/MSKcoeFile/data_Qpath.coe'
create_ip -name blk_mem_gen -vendor xilinx.com -library ip -version 8.4 -module_name qpath_generator
set_property -dict [list \
  CONFIG.Coe_File {C:/Users/21141/Desktop/MatlabProject/MSK_GMSK_Mudulation/MSKcoeFile/data_Qpath.coe} \
  CONFIG.Enable_A {Always_Enabled} \
  CONFIG.Load_Init_File {true} \
  CONFIG.Memory_Type {Single_Port_ROM} \
  CONFIG.Use_RSTA_Pin {true} \
  CONFIG.Write_Depth_A {7200} \
  CONFIG.Write_Width_A {12} \
] [get_ips qpath_generator]
INFO: [IP_Flow 19-3484] Absolute path of file 'c:/Users/21141/Desktop/MatlabProject/MSK_GMSK_Mudulation/MSKcoeFile/data_Qpath.coe' provided. It will be converted relative to IP Instance files '../../../../../../MatlabProject/MSK_GMSK_Mudulation/MSKcoeFile/data_Qpath.coe'
INFO: [IP_Flow 19-3484] Absolute path of file 'c:/Users/21141/Desktop/MatlabProject/MSK_GMSK_Mudulation/MSKcoeFile/data_Qpath.coe' provided. It will be converted relative to IP Instance files '../../../../../../MatlabProject/MSK_GMSK_Mudulation/MSKcoeFile/data_Qpath.coe'
WARNING: [filemgmt 56-199] Attempt to get parsing info during refresh. "On-the-fly" syntax checking information may be incorrect. [C:\Users\21141\Desktop\AD9361_QPSK\rtl\bb_iq_generator.v:]
WARNING: [filemgmt 56-199] Attempt to get parsing info during refresh. "On-the-fly" syntax checking information may be incorrect. [C:\Users\21141\Desktop\AD9361_QPSK\rtl\ad9361_spi_ctrl.v:]
WARNING: [filemgmt 56-199] Attempt to get parsing info during refresh. "On-the-fly" syntax checking information may be incorrect. [C:\Users\21141\Desktop\AD9361_QPSK\rtl\ad9361_tx_top.v:]
WARNING: [filemgmt 56-199] Attempt to get parsing info during refresh. "On-the-fly" syntax checking information may be incorrect. [C:\Users\21141\Desktop\AD9361_QPSK\rtl\ad9361_spi_ctrl.v:]
WARNING: [filemgmt 56-199] Attempt to get parsing info during refresh. "On-the-fly" syntax checking information may be incorrect. [C:\Users\21141\Desktop\AD9361_QPSK\rtl\ad9361_spi_ctrl.v:]
ERROR: [Common 17-180] Spawn failed: 紱釬傖髡俇傖﹝

WARNING: [filemgmt 56-199] Attempt to get parsing info during refresh. "On-the-fly" syntax checking information may be incorrect. [C:\Users\21141\Desktop\AD9361_QPSK\rtl\bb_iq_generator.v:]
WARNING: [filemgmt 56-199] Attempt to get parsing info during refresh. "On-the-fly" syntax checking information may be incorrect. [C:\Users\21141\Desktop\AD9361_QPSK\rtl\ad9361_spi_ctrl.v:]
WARNING: [filemgmt 56-199] Attempt to get parsing info during refresh. "On-the-fly" syntax checking information may be incorrect. [C:\Users\21141\Desktop\AD9361_QPSK\rtl\ad9361_tx_top.v:]
WARNING: [filemgmt 56-199] Attempt to get parsing info during refresh. "On-the-fly" syntax checking information may be incorrect. [C:\Users\21141\Desktop\AD9361_QPSK\rtl\bb_iq_generator.v:]
WARNING: [filemgmt 56-199] Attempt to get parsing info during refresh. "On-the-fly" syntax checking information may be incorrect. [C:\Users\21141\Desktop\AD9361_QPSK\rtl\bb_iq_generator.v:]
INFO: [Common 17-17] undo 'set_property -dict [list \
  CONFIG.Coe_File {C:/Users/21141/Desktop/MatlabProject/MSK_GMSK_Mudulation/MSKcoeFile/data_Qpath.coe} \
  CONFIG.Enable_A {Always_Enabled} \
  CONFIG.Load_Init_File {true} \
  CONFIG.Memory_Type {Single_Port_ROM} \
  CONFIG.Use_RSTA_Pin {true} \
  CONFIG.Write_Depth_A {7200} \
  CONFIG.Write_Width_A {12} \
] [get_ips qpath_generator]'
ERROR: [Common 17-39] 'set_property' failed due to earlier errors.
WARNING: [filemgmt 56-199] Attempt to get parsing info during refresh. "On-the-fly" syntax checking information may be incorrect. [C:\Users\21141\Desktop\AD9361_QPSK\rtl\bb_iq_generator.v:]
WARNING: [filemgmt 56-199] Attempt to get parsing info during refresh. "On-the-fly" syntax checking information may be incorrect. [C:\Users\21141\Desktop\AD9361_QPSK\rtl\ad9361_spi_ctrl.v:]
WARNING: [filemgmt 56-199] Attempt to get parsing info during refresh. "On-the-fly" syntax checking information may be incorrect. [C:\Users\21141\Desktop\AD9361_QPSK\rtl\ad9361_tx_top.v:]
WARNING: [filemgmt 56-199] Attempt to get parsing info during refresh. "On-the-fly" syntax checking information may be incorrect. [C:\Users\21141\Desktop\AD9361_QPSK\rtl\ad9361_tx_top.v:]
WARNING: [filemgmt 56-199] Attempt to get parsing info during refresh. "On-the-fly" syntax checking information may be incorrect. [C:\Users\21141\Desktop\AD9361_QPSK\rtl\ad9361_tx_top.v:]
WARNING: [filemgmt 56-199] Attempt to get parsing info during refresh. "On-the-fly" syntax checking information may be incorrect. [C:\Users\21141\Desktop\AD9361_QPSK\rtl\bb_iq_generator.v:]
WARNING: [filemgmt 56-199] Attempt to get parsing info during refresh. "On-the-fly" syntax checking information may be incorrect. [C:\Users\21141\Desktop\AD9361_QPSK\rtl\ad9361_spi_ctrl.v:]
WARNING: [filemgmt 56-199] Attempt to get parsing info during refresh. "On-the-fly" syntax checking information may be incorrect. [C:\Users\21141\Desktop\AD9361_QPSK\rtl\ad9361_tx_top.v:]
WARNING: [filemgmt 56-199] Attempt to get parsing info during refresh. "On-the-fly" syntax checking information may be incorrect. [C:\Users\21141\Desktop\AD9361_QPSK\rtl\ad9361_spi_ctrl.v:]
WARNING: [filemgmt 56-199] Attempt to get parsing info during refresh. "On-the-fly" syntax checking information may be incorrect. [C:\Users\21141\Desktop\AD9361_QPSK\rtl\ad9361_spi_ctrl.v:]
ERROR: [Common 17-180] Spawn failed: 紱釬傖髡俇傖﹝

WARNING: [filemgmt 56-199] Attempt to get parsing info during refresh. "On-the-fly" syntax checking information may be incorrect. [C:\Users\21141\Desktop\AD9361_QPSK\rtl\bb_iq_generator.v:]
WARNING: [filemgmt 56-199] Attempt to get parsing info during refresh. "On-the-fly" syntax checking information may be incorrect. [C:\Users\21141\Desktop\AD9361_QPSK\rtl\ad9361_spi_ctrl.v:]
WARNING: [filemgmt 56-199] Attempt to get parsing info during refresh. "On-the-fly" syntax checking information may be incorrect. [C:\Users\21141\Desktop\AD9361_QPSK\rtl\ad9361_tx_top.v:]
WARNING: [filemgmt 56-199] Attempt to get parsing info during refresh. "On-the-fly" syntax checking information may be incorrect. [C:\Users\21141\Desktop\AD9361_QPSK\rtl\ad9361_spi_ctrl.v:]
WARNING: [filemgmt 56-199] Attempt to get parsing info during refresh. "On-the-fly" syntax checking information may be incorrect. [C:\Users\21141\Desktop\AD9361_QPSK\rtl\ad9361_spi_ctrl.v:]
WARNING: [filemgmt 56-199] Attempt to get parsing info during refresh. "On-the-fly" syntax checking information may be incorrect. [C:\Users\21141\Desktop\AD9361_QPSK\rtl\bb_iq_generator.v:]
WARNING: [filemgmt 56-199] Attempt to get parsing info during refresh. "On-the-fly" syntax checking information may be incorrect. [C:\Users\21141\Desktop\AD9361_QPSK\rtl\ad9361_spi_ctrl.v:]
WARNING: [filemgmt 56-199] Attempt to get parsing info during refresh. "On-the-fly" syntax checking information may be incorrect. [C:\Users\21141\Desktop\AD9361_QPSK\rtl\ad9361_tx_top.v:]
WARNING: [filemgmt 56-199] Attempt to get parsing info during refresh. "On-the-fly" syntax checking information may be incorrect. [C:\Users\21141\Desktop\AD9361_QPSK\rtl\bb_iq_generator.v:]
WARNING: [filemgmt 56-199] Attempt to get parsing info during refresh. "On-the-fly" syntax checking information may be incorrect. [C:\Users\21141\Desktop\AD9361_QPSK\rtl\bb_iq_generator.v:]
update_compile_order -fileset sources_1
WARNING: [filemgmt 56-199] Attempt to get parsing info during refresh. "On-the-fly" syntax checking information may be incorrect. [C:\Users\21141\Desktop\AD9361_QPSK\rtl\bb_iq_generator.v:]
WARNING: [filemgmt 56-199] Attempt to get parsing info during refresh. "On-the-fly" syntax checking information may be incorrect. [C:\Users\21141\Desktop\AD9361_QPSK\rtl\ad9361_spi_ctrl.v:]
WARNING: [filemgmt 56-199] Attempt to get parsing info during refresh. "On-the-fly" syntax checking information may be incorrect. [C:\Users\21141\Desktop\AD9361_QPSK\rtl\ad9361_tx_top.v:]
WARNING: [filemgmt 56-199] Attempt to get parsing info during refresh. "On-the-fly" syntax checking information may be incorrect. [C:\Users\21141\Desktop\AD9361_QPSK\rtl\ad9361_spi_ctrl.v:]
WARNING: [filemgmt 56-199] Attempt to get parsing info during refresh. "On-the-fly" syntax checking information may be incorrect. [C:\Users\21141\Desktop\AD9361_QPSK\rtl\ad9361_spi_ctrl.v:]
WARNING: [filemgmt 56-199] Attempt to get parsing info during refresh. "On-the-fly" syntax checking information may be incorrect. [C:\Users\21141\Desktop\AD9361_QPSK\rtl\bb_iq_generator.v:]
WARNING: [filemgmt 56-199] Attempt to get parsing info during refresh. "On-the-fly" syntax checking information may be incorrect. [C:\Users\21141\Desktop\AD9361_QPSK\rtl\ad9361_spi_ctrl.v:]
WARNING: [filemgmt 56-199] Attempt to get parsing info during refresh. "On-the-fly" syntax checking information may be incorrect. [C:\Users\21141\Desktop\AD9361_QPSK\rtl\ad9361_tx_top.v:]
WARNING: [filemgmt 56-199] Attempt to get parsing info during refresh. "On-the-fly" syntax checking information may be incorrect. [C:\Users\21141\Desktop\AD9361_QPSK\rtl\ad9361_tx_top.v:]
WARNING: [filemgmt 56-199] Attempt to get parsing info during refresh. "On-the-fly" syntax checking information may be incorrect. [C:\Users\21141\Desktop\AD9361_QPSK\rtl\ad9361_tx_top.v:]
ERROR: [Common 17-180] Spawn failed: 紱釬傖髡俇傖﹝

WARNING: [IP_Flow 19-4067] Ignoring invalid widget type specified checkbox.Providing a default widget
WARNING: [IP_Flow 19-4067] Ignoring invalid widget type specified checkbox.Providing a default widget
set_property CONFIG.Use_RSTA_Pin {true} [get_ips ipath_generator]
generate_target all [get_files  c:/Users/21141/Desktop/AD9361_QPSK/prj/AD9361_QPSK.srcs/sources_1/ip/ipath_generator/ipath_generator.xci]
INFO: [IP_Flow 19-1686] Generating 'Instantiation Template' target for IP 'ipath_generator'...
INFO: [IP_Flow 19-1686] Generating 'Synthesis' target for IP 'ipath_generator'...
INFO: [IP_Flow 19-1686] Generating 'Simulation' target for IP 'ipath_generator'...
INFO: [IP_Flow 19-1686] Generating 'Miscellaneous' target for IP 'ipath_generator'...
INFO: [IP_Flow 19-1686] Generating 'Change Log' target for IP 'ipath_generator'...
generate_target: Time (s): cpu = 00:00:06 ; elapsed = 00:00:06 . Memory (MB): peak = 2692.727 ; gain = 0.000
catch { config_ip_cache -export [get_ips -all ipath_generator] }
export_ip_user_files -of_objects [get_files c:/Users/21141/Desktop/AD9361_QPSK/prj/AD9361_QPSK.srcs/sources_1/ip/ipath_generator/ipath_generator.xci] -no_script -sync -force -quiet
reset_run ipath_generator_synth_1
launch_runs ipath_generator_synth_1 -jobs 20
[Wed Apr 22 15:52:26 2026] Launched ipath_generator_synth_1...
Run output will be captured here: C:/Users/21141/Desktop/AD9361_QPSK/prj/AD9361_QPSK.runs/ipath_generator_synth_1/runme.log
export_simulation -lib_map_path [list {modelsim=C:/Users/21141/Desktop/AD9361_QPSK/prj/AD9361_QPSK.cache/compile_simlib/modelsim} {questa=C:/Users/21141/Desktop/AD9361_QPSK/prj/AD9361_QPSK.cache/compile_simlib/questa} {riviera=C:/Users/21141/Desktop/AD9361_QPSK/prj/AD9361_QPSK.cache/compile_simlib/riviera} {activehdl=C:/Users/21141/Desktop/AD9361_QPSK/prj/AD9361_QPSK.cache/compile_simlib/activehdl}] -of_objects [get_files c:/Users/21141/Desktop/AD9361_QPSK/prj/AD9361_QPSK.srcs/sources_1/ip/ipath_generator/ipath_generator.xci] -directory C:/Users/21141/Desktop/AD9361_QPSK/prj/AD9361_QPSK.ip_user_files/sim_scripts -ip_user_files_dir C:/Users/21141/Desktop/AD9361_QPSK/prj/AD9361_QPSK.ip_user_files -ipstatic_source_dir C:/Users/21141/Desktop/AD9361_QPSK/prj/AD9361_QPSK.ip_user_files/ipstatic -use_ip_compiled_libs -force -quiet
