
*** Running vivado
    with args -log ad9361_tx_top.vds -m64 -product Vivado -mode batch -messageDb vivado.pb -notrace -source ad9361_tx_top.tcl



****** Vivado v2025.2 (64-bit)
  **** SW Build 6299465 on Fri Nov 14 19:35:11 GMT 2025
  **** IP Build 6300035 on Fri Nov 14 10:48:45 MST 2025
  **** SharedData Build 6298862 on Thu Nov 13 04:50:51 MST 2025
  **** Start of session at: Thu Apr 23 23:50:50 2026
    ** Copyright 1986-2022 Xilinx, Inc. All Rights Reserved.
    ** Copyright 2022-2025 Advanced Micro Devices, Inc. All Rights Reserved.

source ad9361_tx_top.tcl -notrace
create_project: Time (s): cpu = 00:00:07 ; elapsed = 00:00:05 . Memory (MB): peak = 661.449 ; gain = 216.625
Command: synth_design -top ad9361_tx_top -part xc7z020clg400-1
Starting synth_design
Attempting to get a license for feature 'Synthesis' and/or device 'xc7z020'
INFO: [Common 17-349] Got license for feature 'Synthesis' and/or device 'xc7z020'
INFO: [Device 21-403] Loading part xc7z020clg400-1
INFO: [Synth 8-7079] Multithreading enabled for synth_design using a maximum of 2 processes.
INFO: [Synth 8-7078] Launching helper process for spawning children vivado processes
INFO: [Synth 8-7075] Helper process launched with PID 48248
---------------------------------------------------------------------------------
Starting RTL Elaboration : Time (s): cpu = 00:00:04 ; elapsed = 00:00:05 . Memory (MB): peak = 1454.172 ; gain = 540.512
---------------------------------------------------------------------------------
WARNING: [Synth 8-11145] root scope declaration is not allowed in Verilog 95/2K mode [C:/Users/21141/Desktop/AD9361_QPSK/rtl/ad9361_lut.v:5155]
INFO: [Synth 8-6157] synthesizing module 'ad9361_tx_top' [C:/Users/21141/Desktop/AD9361_QPSK/rtl/ad9361_tx_top.v:10]
INFO: [Synth 8-6157] synthesizing module 'clk_wiz_0' [C:/Users/21141/Desktop/AD9361_QPSK/prj/AD9361_QPSK.runs/synth_1/.Xil/Vivado-35836-CORANGEY_BOOK/realtime/clk_wiz_0_stub.v:6]
INFO: [Synth 8-6155] done synthesizing module 'clk_wiz_0' (0#1) [C:/Users/21141/Desktop/AD9361_QPSK/prj/AD9361_QPSK.runs/synth_1/.Xil/Vivado-35836-CORANGEY_BOOK/realtime/clk_wiz_0_stub.v:6]
INFO: [Synth 8-6157] synthesizing module 'BUFG' [E:/ProgramFiles/Xilinx/2025.2/Vivado/scripts/rt/data/unisim_comp.v:2678]
INFO: [Synth 8-6155] done synthesizing module 'BUFG' (0#1) [E:/ProgramFiles/Xilinx/2025.2/Vivado/scripts/rt/data/unisim_comp.v:2678]
INFO: [Synth 8-6157] synthesizing module 'ad9361_unit' [C:/Users/21141/Desktop/AD9361_QPSK/rtl/ad9361_unit.v:12]
INFO: [Synth 8-6157] synthesizing module 'ad9361_init' [C:/Users/21141/Desktop/AD9361_QPSK/rtl/ad9361_init.v:11]
INFO: [Synth 8-6157] synthesizing module 'ad9361_spi_ctrl' [C:/Users/21141/Desktop/AD9361_QPSK/rtl/ad9361_spi_ctrl.v:11]
INFO: [Synth 8-155] case statement is not full and has no default [C:/Users/21141/Desktop/AD9361_QPSK/rtl/ad9361_lut.v:16]
INFO: [Synth 8-6157] synthesizing module 'ad936_spi_drv' [C:/Users/21141/Desktop/AD9361_QPSK/rtl/ad9361_spi_drv.v:11]
INFO: [Synth 8-155] case statement is not full and has no default [C:/Users/21141/Desktop/AD9361_QPSK/rtl/ad9361_spi_drv.v:57]
INFO: [Synth 8-6155] done synthesizing module 'ad936_spi_drv' (0#1) [C:/Users/21141/Desktop/AD9361_QPSK/rtl/ad9361_spi_drv.v:11]
INFO: [Synth 8-6155] done synthesizing module 'ad9361_spi_ctrl' (0#1) [C:/Users/21141/Desktop/AD9361_QPSK/rtl/ad9361_spi_ctrl.v:11]
INFO: [Synth 8-6155] done synthesizing module 'ad9361_init' (0#1) [C:/Users/21141/Desktop/AD9361_QPSK/rtl/ad9361_init.v:11]
INFO: [Synth 8-6157] synthesizing module 'bb_iq_generator' [C:/Users/21141/Desktop/AD9361_QPSK/rtl/bb_iq_generator.v:8]
	Parameter DATA_SIZE bound to: 7200 - type: integer 
	Parameter ADDR_WIDTH bound to: 13 - type: integer 
INFO: [Synth 8-6157] synthesizing module 'ipath_generator' [C:/Users/21141/Desktop/AD9361_QPSK/prj/AD9361_QPSK.runs/synth_1/.Xil/Vivado-35836-CORANGEY_BOOK/realtime/ipath_generator_stub.v:6]
INFO: [Synth 8-6155] done synthesizing module 'ipath_generator' (0#1) [C:/Users/21141/Desktop/AD9361_QPSK/prj/AD9361_QPSK.runs/synth_1/.Xil/Vivado-35836-CORANGEY_BOOK/realtime/ipath_generator_stub.v:6]
WARNING: [Synth 8-7071] port 'rsta_busy' of module 'ipath_generator' is unconnected for instance 'i_path_inst' [C:/Users/21141/Desktop/AD9361_QPSK/rtl/bb_iq_generator.v:28]
WARNING: [Synth 8-7023] instance 'i_path_inst' of module 'ipath_generator' has 5 connections declared, but only 4 given [C:/Users/21141/Desktop/AD9361_QPSK/rtl/bb_iq_generator.v:28]
INFO: [Synth 8-6157] synthesizing module 'qpath_generator' [C:/Users/21141/Desktop/AD9361_QPSK/prj/AD9361_QPSK.runs/synth_1/.Xil/Vivado-35836-CORANGEY_BOOK/realtime/qpath_generator_stub.v:6]
INFO: [Synth 8-6155] done synthesizing module 'qpath_generator' (0#1) [C:/Users/21141/Desktop/AD9361_QPSK/prj/AD9361_QPSK.runs/synth_1/.Xil/Vivado-35836-CORANGEY_BOOK/realtime/qpath_generator_stub.v:6]
WARNING: [Synth 8-7071] port 'rsta_busy' of module 'qpath_generator' is unconnected for instance 'q_path_inst' [C:/Users/21141/Desktop/AD9361_QPSK/rtl/bb_iq_generator.v:35]
WARNING: [Synth 8-7023] instance 'q_path_inst' of module 'qpath_generator' has 5 connections declared, but only 4 given [C:/Users/21141/Desktop/AD9361_QPSK/rtl/bb_iq_generator.v:35]
INFO: [Synth 8-6155] done synthesizing module 'bb_iq_generator' (0#1) [C:/Users/21141/Desktop/AD9361_QPSK/rtl/bb_iq_generator.v:8]
INFO: [Synth 8-6157] synthesizing module 'ad9361_txdata' [C:/Users/21141/Desktop/AD9361_QPSK/rtl/ad9361_txdata.v:9]
INFO: [Synth 8-6155] done synthesizing module 'ad9361_txdata' (0#1) [C:/Users/21141/Desktop/AD9361_QPSK/rtl/ad9361_txdata.v:9]
INFO: [Synth 8-6155] done synthesizing module 'ad9361_unit' (0#1) [C:/Users/21141/Desktop/AD9361_QPSK/rtl/ad9361_unit.v:12]
INFO: [Synth 8-6155] done synthesizing module 'ad9361_tx_top' (0#1) [C:/Users/21141/Desktop/AD9361_QPSK/rtl/ad9361_tx_top.v:10]
INFO: [Synth 8-6071] Mark debug on the nets applies keep_hierarchy on instance 'bb_iq_generator_inst'. This will prevent further optimization [C:/Users/21141/Desktop/AD9361_QPSK/rtl/ad9361_unit.v:68]
INFO: [Synth 8-6071] Mark debug on the nets applies keep_hierarchy on instance 'ad9361_txdata_uut'. This will prevent further optimization [C:/Users/21141/Desktop/AD9361_QPSK/rtl/ad9361_unit.v:77]
WARNING: [Synth 8-3848] Net user_gpio_n in module/entity ad9361_tx_top does not have driver. [C:/Users/21141/Desktop/AD9361_QPSK/rtl/ad9361_tx_top.v:41]
WARNING: [Synth 8-7129] Port ctrl_out[7] in module ad9361_init is either unconnected or has no load
WARNING: [Synth 8-7129] Port ctrl_out[6] in module ad9361_init is either unconnected or has no load
WARNING: [Synth 8-7129] Port ctrl_out[5] in module ad9361_init is either unconnected or has no load
WARNING: [Synth 8-7129] Port ctrl_out[4] in module ad9361_init is either unconnected or has no load
WARNING: [Synth 8-7129] Port ctrl_out[3] in module ad9361_init is either unconnected or has no load
WARNING: [Synth 8-7129] Port ctrl_out[2] in module ad9361_init is either unconnected or has no load
WARNING: [Synth 8-7129] Port ctrl_out[1] in module ad9361_init is either unconnected or has no load
WARNING: [Synth 8-7129] Port ctrl_out[0] in module ad9361_init is either unconnected or has no load
WARNING: [Synth 8-7129] Port rx_frame in module ad9361_unit is either unconnected or has no load
WARNING: [Synth 8-7129] Port p1_d[11] in module ad9361_unit is either unconnected or has no load
WARNING: [Synth 8-7129] Port p1_d[10] in module ad9361_unit is either unconnected or has no load
WARNING: [Synth 8-7129] Port p1_d[9] in module ad9361_unit is either unconnected or has no load
WARNING: [Synth 8-7129] Port p1_d[8] in module ad9361_unit is either unconnected or has no load
WARNING: [Synth 8-7129] Port p1_d[7] in module ad9361_unit is either unconnected or has no load
WARNING: [Synth 8-7129] Port p1_d[6] in module ad9361_unit is either unconnected or has no load
WARNING: [Synth 8-7129] Port p1_d[5] in module ad9361_unit is either unconnected or has no load
WARNING: [Synth 8-7129] Port p1_d[4] in module ad9361_unit is either unconnected or has no load
WARNING: [Synth 8-7129] Port p1_d[3] in module ad9361_unit is either unconnected or has no load
WARNING: [Synth 8-7129] Port p1_d[2] in module ad9361_unit is either unconnected or has no load
WARNING: [Synth 8-7129] Port p1_d[1] in module ad9361_unit is either unconnected or has no load
WARNING: [Synth 8-7129] Port p1_d[0] in module ad9361_unit is either unconnected or has no load
WARNING: [Synth 8-7129] Port user_gpio_n in module ad9361_tx_top is either unconnected or has no load
---------------------------------------------------------------------------------
Finished RTL Elaboration : Time (s): cpu = 00:00:06 ; elapsed = 00:00:06 . Memory (MB): peak = 1592.285 ; gain = 678.625
---------------------------------------------------------------------------------
---------------------------------------------------------------------------------
Start Handling Custom Attributes
---------------------------------------------------------------------------------
---------------------------------------------------------------------------------
Finished Handling Custom Attributes : Time (s): cpu = 00:00:06 ; elapsed = 00:00:06 . Memory (MB): peak = 1592.285 ; gain = 678.625
---------------------------------------------------------------------------------
---------------------------------------------------------------------------------
Finished RTL Optimization Phase 1 : Time (s): cpu = 00:00:06 ; elapsed = 00:00:06 . Memory (MB): peak = 1592.285 ; gain = 678.625
---------------------------------------------------------------------------------
Netlist sorting complete. Time (s): cpu = 00:00:00 ; elapsed = 00:00:00.011 . Memory (MB): peak = 1592.285 ; gain = 0.000
INFO: [Project 1-570] Preparing netlist for logic optimization

Processing XDC Constraints
Initializing timing engine
Parsing XDC File [c:/Users/21141/Desktop/AD9361_QPSK/prj/AD9361_QPSK.gen/sources_1/ip/clk_wiz_0/clk_wiz_0/clk_wiz_0_in_context.xdc] for cell 'clk_wiz_i0'
Finished Parsing XDC File [c:/Users/21141/Desktop/AD9361_QPSK/prj/AD9361_QPSK.gen/sources_1/ip/clk_wiz_0/clk_wiz_0/clk_wiz_0_in_context.xdc] for cell 'clk_wiz_i0'
Parsing XDC File [c:/Users/21141/Desktop/AD9361_QPSK/prj/AD9361_QPSK.gen/sources_1/ip/ipath_generator/ipath_generator/ipath_generator_in_context.xdc] for cell 'ad9361_unit_i0/bb_iq_generator_inst/i_path_inst'
Finished Parsing XDC File [c:/Users/21141/Desktop/AD9361_QPSK/prj/AD9361_QPSK.gen/sources_1/ip/ipath_generator/ipath_generator/ipath_generator_in_context.xdc] for cell 'ad9361_unit_i0/bb_iq_generator_inst/i_path_inst'
Parsing XDC File [c:/Users/21141/Desktop/AD9361_QPSK/prj/AD9361_QPSK.gen/sources_1/ip/qpath_generator/qpath_generator/qpath_generator_in_context.xdc] for cell 'ad9361_unit_i0/bb_iq_generator_inst/q_path_inst'
Finished Parsing XDC File [c:/Users/21141/Desktop/AD9361_QPSK/prj/AD9361_QPSK.gen/sources_1/ip/qpath_generator/qpath_generator/qpath_generator_in_context.xdc] for cell 'ad9361_unit_i0/bb_iq_generator_inst/q_path_inst'
Completed Processing XDC Constraints

Netlist sorting complete. Time (s): cpu = 00:00:00 ; elapsed = 00:00:00.001 . Memory (MB): peak = 1623.191 ; gain = 0.000
INFO: [Project 1-111] Unisim Transformation Summary:
No Unisim elements were transformed.

Constraint Validation Runtime : Time (s): cpu = 00:00:00 ; elapsed = 00:00:00.024 . Memory (MB): peak = 1623.191 ; gain = 0.000
---------------------------------------------------------------------------------
Finished Constraint Validation : Time (s): cpu = 00:00:12 ; elapsed = 00:00:13 . Memory (MB): peak = 1623.191 ; gain = 709.531
---------------------------------------------------------------------------------
---------------------------------------------------------------------------------
Start Loading Part and Timing Information
---------------------------------------------------------------------------------
Loading part: xc7z020clg400-1
---------------------------------------------------------------------------------
Finished Loading Part and Timing Information : Time (s): cpu = 00:00:12 ; elapsed = 00:00:13 . Memory (MB): peak = 1623.191 ; gain = 709.531
---------------------------------------------------------------------------------
---------------------------------------------------------------------------------
Start Applying 'set_property' XDC Constraints
---------------------------------------------------------------------------------
---------------------------------------------------------------------------------
Finished applying 'set_property' XDC Constraints : Time (s): cpu = 00:00:12 ; elapsed = 00:00:13 . Memory (MB): peak = 1623.191 ; gain = 709.531
---------------------------------------------------------------------------------
INFO: [Synth 8-802] inferred FSM for state register 'state_reg' in module 'ad936_spi_drv'
INFO: [Synth 8-802] inferred FSM for state register 'state_reg' in module 'ad9361_spi_ctrl'
INFO: [Synth 8-802] inferred FSM for state register 'swap_cnt_reg' in module 'ad9361_txdata'
---------------------------------------------------------------------------------------------------
                   State |                     New Encoding |                Previous Encoding 
---------------------------------------------------------------------------------------------------
                 iSTATE3 |                            00001 |                            00001
                  iSTATE |                            00010 |                            00010
                 iSTATE1 |                            00100 |                            00100
                 iSTATE2 |                            10000 |                            10000
---------------------------------------------------------------------------------------------------
INFO: [Synth 8-3354] encoded FSM with state register 'state_reg' using encoding 'one-hot' in module 'ad936_spi_drv'
---------------------------------------------------------------------------------------------------
                   State |                     New Encoding |                Previous Encoding 
---------------------------------------------------------------------------------------------------
                 iSTATE4 |                          0000001 |                          0000001
                  iSTATE |                          0000010 |                          0000010
                 iSTATE0 |                          0000100 |                          0000100
                 iSTATE1 |                          0001000 |                          0001000
                 iSTATE2 |                          0010000 |                          0010000
                 iSTATE3 |                          0100000 |                          0100000
                 iSTATE5 |                          1000000 |                          1000000
---------------------------------------------------------------------------------------------------
INFO: [Synth 8-3354] encoded FSM with state register 'state_reg' using encoding 'one-hot' in module 'ad9361_spi_ctrl'
---------------------------------------------------------------------------------------------------
                   State |                     New Encoding |                Previous Encoding 
---------------------------------------------------------------------------------------------------
                  iSTATE |                                0 | 00000000000000000000000000000000
                 iSTATE0 |                                1 | 00000000000000000000000000000001
---------------------------------------------------------------------------------------------------
INFO: [Synth 8-3354] encoded FSM with state register 'swap_cnt_reg' using encoding 'sequential' in module 'ad9361_txdata'
---------------------------------------------------------------------------------
Finished RTL Optimization Phase 2 : Time (s): cpu = 00:00:13 ; elapsed = 00:00:14 . Memory (MB): peak = 1623.191 ; gain = 709.531
---------------------------------------------------------------------------------
---------------------------------------------------------------------------------
Start RTL Component Statistics 
---------------------------------------------------------------------------------
Detailed RTL Component Info : 
+---Adders : 
	   2 Input   26 Bit       Adders := 1     
	   2 Input   13 Bit       Adders := 1     
	   2 Input    5 Bit       Adders := 1     
+---Registers : 
	               32 Bit    Registers := 1     
	               26 Bit    Registers := 1     
	               24 Bit    Registers := 1     
	               19 Bit    Registers := 1     
	               13 Bit    Registers := 2     
	               12 Bit    Registers := 5     
	               10 Bit    Registers := 1     
	                8 Bit    Registers := 4     
	                5 Bit    Registers := 1     
	                1 Bit    Registers := 21    
+---Muxes : 
	   3 Input   32 Bit        Muxes := 1     
	   2 Input   26 Bit        Muxes := 2     
	   4 Input   24 Bit        Muxes := 1     
	   2 Input   13 Bit        Muxes := 1     
	   2 Input   12 Bit        Muxes := 1     
	   9 Input    8 Bit        Muxes := 1     
	   2 Input    8 Bit        Muxes := 1     
	   7 Input    7 Bit        Muxes := 1     
	   2 Input    7 Bit        Muxes := 13    
	  12 Input    7 Bit        Muxes := 1     
	   4 Input    5 Bit        Muxes := 1     
	   2 Input    5 Bit        Muxes := 3     
	   4 Input    1 Bit        Muxes := 6     
	   2 Input    1 Bit        Muxes := 17    
	   9 Input    1 Bit        Muxes := 1     
	   7 Input    1 Bit        Muxes := 17    
---------------------------------------------------------------------------------
Finished RTL Component Statistics 
---------------------------------------------------------------------------------
---------------------------------------------------------------------------------
Start Part Resource Summary
---------------------------------------------------------------------------------
Part Resources:
DSPs: 220 (col length:60)
BRAMs: 280 (col length: RAMB18 60 RAMB36 30)
---------------------------------------------------------------------------------
Finished Part Resource Summary
---------------------------------------------------------------------------------
---------------------------------------------------------------------------------
Start Cross Boundary and Area Optimization
---------------------------------------------------------------------------------
WARNING: [Synth 8-3917] design ad9361_tx_top has port en_agc driven by constant 0
WARNING: [Synth 8-3917] design ad9361_tx_top has port enable driven by constant 0
WARNING: [Synth 8-3917] design ad9361_tx_top has port txnrx driven by constant 0
WARNING: [Synth 8-3917] design ad9361_tx_top has port sync_in driven by constant 0
WARNING: [Synth 8-3917] design ad9361_tx_top has port ctrl_in[3] driven by constant 0
WARNING: [Synth 8-3917] design ad9361_tx_top has port ctrl_in[2] driven by constant 0
WARNING: [Synth 8-3917] design ad9361_tx_top has port ctrl_in[1] driven by constant 0
WARNING: [Synth 8-3917] design ad9361_tx_top has port ctrl_in[0] driven by constant 0
WARNING: [Synth 8-7129] Port user_gpio_n in module ad9361_tx_top is either unconnected or has no load
WARNING: [Synth 8-7129] Port ctrl_out[7] in module ad9361_tx_top is either unconnected or has no load
WARNING: [Synth 8-7129] Port ctrl_out[6] in module ad9361_tx_top is either unconnected or has no load
WARNING: [Synth 8-7129] Port ctrl_out[5] in module ad9361_tx_top is either unconnected or has no load
WARNING: [Synth 8-7129] Port ctrl_out[4] in module ad9361_tx_top is either unconnected or has no load
WARNING: [Synth 8-7129] Port ctrl_out[3] in module ad9361_tx_top is either unconnected or has no load
WARNING: [Synth 8-7129] Port ctrl_out[2] in module ad9361_tx_top is either unconnected or has no load
WARNING: [Synth 8-7129] Port ctrl_out[1] in module ad9361_tx_top is either unconnected or has no load
WARNING: [Synth 8-7129] Port ctrl_out[0] in module ad9361_tx_top is either unconnected or has no load
WARNING: [Synth 8-7129] Port rx_frame in module ad9361_tx_top is either unconnected or has no load
WARNING: [Synth 8-7129] Port p1_d[11] in module ad9361_tx_top is either unconnected or has no load
WARNING: [Synth 8-7129] Port p1_d[10] in module ad9361_tx_top is either unconnected or has no load
WARNING: [Synth 8-7129] Port p1_d[9] in module ad9361_tx_top is either unconnected or has no load
WARNING: [Synth 8-7129] Port p1_d[8] in module ad9361_tx_top is either unconnected or has no load
WARNING: [Synth 8-7129] Port p1_d[7] in module ad9361_tx_top is either unconnected or has no load
WARNING: [Synth 8-7129] Port p1_d[6] in module ad9361_tx_top is either unconnected or has no load
WARNING: [Synth 8-7129] Port p1_d[5] in module ad9361_tx_top is either unconnected or has no load
WARNING: [Synth 8-7129] Port p1_d[4] in module ad9361_tx_top is either unconnected or has no load
WARNING: [Synth 8-7129] Port p1_d[3] in module ad9361_tx_top is either unconnected or has no load
WARNING: [Synth 8-7129] Port p1_d[2] in module ad9361_tx_top is either unconnected or has no load
WARNING: [Synth 8-7129] Port p1_d[1] in module ad9361_tx_top is either unconnected or has no load
WARNING: [Synth 8-7129] Port p1_d[0] in module ad9361_tx_top is either unconnected or has no load
WARNING: [Synth 8-3332] Sequential element (ad9361_unit_i0/uut_ad9361_init/uut_ad9361_spi_ctrl/uut_ad9361_spi_drv/FSM_onehot_state_reg[3]) is unused and will be removed from module ad9361_tx_top.
---------------------------------------------------------------------------------
Finished Cross Boundary and Area Optimization : Time (s): cpu = 00:00:27 ; elapsed = 00:00:29 . Memory (MB): peak = 1870.379 ; gain = 956.719
---------------------------------------------------------------------------------
---------------------------------------------------------------------------------
Start ROM, RAM, DSP, Shift Register and Retiming Reporting
---------------------------------------------------------------------------------

ROM: Preliminary Mapping Report
+----------------+-----------------+---------------+----------------+
|Module Name     | RTL Object      | Depth x Width | Implemented As | 
+----------------+-----------------+---------------+----------------+
|ad9361_spi_ctrl | ad9361_cmd_data | 8192x19       | LUT            | 
|ad9361_spi_ctrl | ad9361_cmd_data | 8192x19       | LUT            | 
+----------------+-----------------+---------------+----------------+

---------------------------------------------------------------------------------
Finished ROM, RAM, DSP, Shift Register and Retiming Reporting
---------------------------------------------------------------------------------
---------------------------------------------------------------------------------
Start Applying XDC Timing Constraints
---------------------------------------------------------------------------------
---------------------------------------------------------------------------------
Finished Applying XDC Timing Constraints : Time (s): cpu = 00:00:32 ; elapsed = 00:00:35 . Memory (MB): peak = 1870.379 ; gain = 956.719
---------------------------------------------------------------------------------
---------------------------------------------------------------------------------
Start Timing Optimization
---------------------------------------------------------------------------------
---------------------------------------------------------------------------------
Finished Timing Optimization : Time (s): cpu = 00:00:34 ; elapsed = 00:00:36 . Memory (MB): peak = 1873.270 ; gain = 959.609
---------------------------------------------------------------------------------
---------------------------------------------------------------------------------
Start Technology Mapping
---------------------------------------------------------------------------------
---------------------------------------------------------------------------------
Finished Technology Mapping : Time (s): cpu = 00:00:34 ; elapsed = 00:00:37 . Memory (MB): peak = 1873.270 ; gain = 959.609
---------------------------------------------------------------------------------
---------------------------------------------------------------------------------
Start IO Insertion
---------------------------------------------------------------------------------
---------------------------------------------------------------------------------
Start Flattening Before IO Insertion
---------------------------------------------------------------------------------
---------------------------------------------------------------------------------
Finished Flattening Before IO Insertion
---------------------------------------------------------------------------------
---------------------------------------------------------------------------------
Start Final Netlist Cleanup
---------------------------------------------------------------------------------
---------------------------------------------------------------------------------
Finished Final Netlist Cleanup
---------------------------------------------------------------------------------
---------------------------------------------------------------------------------
Finished IO Insertion : Time (s): cpu = 00:00:38 ; elapsed = 00:00:40 . Memory (MB): peak = 2091.613 ; gain = 1177.953
---------------------------------------------------------------------------------
---------------------------------------------------------------------------------
Start Renaming Generated Instances
---------------------------------------------------------------------------------
---------------------------------------------------------------------------------
Finished Renaming Generated Instances : Time (s): cpu = 00:00:38 ; elapsed = 00:00:40 . Memory (MB): peak = 2091.613 ; gain = 1177.953
---------------------------------------------------------------------------------
---------------------------------------------------------------------------------
Start Rebuilding User Hierarchy
---------------------------------------------------------------------------------
---------------------------------------------------------------------------------
Finished Rebuilding User Hierarchy : Time (s): cpu = 00:00:38 ; elapsed = 00:00:40 . Memory (MB): peak = 2091.613 ; gain = 1177.953
---------------------------------------------------------------------------------
---------------------------------------------------------------------------------
Start Renaming Generated Ports
---------------------------------------------------------------------------------
---------------------------------------------------------------------------------
Finished Renaming Generated Ports : Time (s): cpu = 00:00:38 ; elapsed = 00:00:40 . Memory (MB): peak = 2091.613 ; gain = 1177.953
---------------------------------------------------------------------------------
---------------------------------------------------------------------------------
Start Handling Custom Attributes
---------------------------------------------------------------------------------
---------------------------------------------------------------------------------
Finished Handling Custom Attributes : Time (s): cpu = 00:00:38 ; elapsed = 00:00:40 . Memory (MB): peak = 2091.613 ; gain = 1177.953
---------------------------------------------------------------------------------
---------------------------------------------------------------------------------
Start Renaming Generated Nets
---------------------------------------------------------------------------------
---------------------------------------------------------------------------------
Finished Renaming Generated Nets : Time (s): cpu = 00:00:38 ; elapsed = 00:00:40 . Memory (MB): peak = 2091.613 ; gain = 1177.953
---------------------------------------------------------------------------------
---------------------------------------------------------------------------------
Start Writing Synthesis Report
---------------------------------------------------------------------------------

Report BlackBoxes: 
+------+----------------+----------+
|      |BlackBox name   |Instances |
+------+----------------+----------+
|1     |clk_wiz_0       |         1|
|2     |ipath_generator |         1|
|3     |qpath_generator |         1|
+------+----------------+----------+

Report Cell Usage: 
+------+----------------+------+
|      |Cell            |Count |
+------+----------------+------+
|1     |clk_wiz         |     1|
|2     |ipath_generator |     1|
|3     |qpath_generator |     1|
|4     |BUFG            |     1|
|5     |CARRY4          |    14|
|6     |LUT1            |     5|
|7     |LUT2            |    50|
|8     |LUT3            |    49|
|9     |LUT4            |   131|
|10    |LUT5            |   317|
|11    |LUT6            |   964|
|12    |MUXF7           |   178|
|13    |MUXF8           |    48|
|14    |FDCE            |   208|
|15    |FDPE            |     3|
|16    |FDRE            |    63|
|17    |FDR             |    12|
|18    |IBUF            |     3|
|19    |OBUF            |    35|
|20    |OBUFT           |     1|
+------+----------------+------+
---------------------------------------------------------------------------------
Finished Writing Synthesis Report : Time (s): cpu = 00:00:38 ; elapsed = 00:00:40 . Memory (MB): peak = 2091.613 ; gain = 1177.953
---------------------------------------------------------------------------------
Synthesis finished with 0 errors, 0 critical warnings and 31 warnings.
Synthesis Optimization Runtime : Time (s): cpu = 00:00:31 ; elapsed = 00:00:39 . Memory (MB): peak = 2091.613 ; gain = 1147.047
Synthesis Optimization Complete : Time (s): cpu = 00:00:38 ; elapsed = 00:00:41 . Memory (MB): peak = 2091.613 ; gain = 1177.953
INFO: [Project 1-571] Translating synthesized netlist
Netlist sorting complete. Time (s): cpu = 00:00:00 ; elapsed = 00:00:00.012 . Memory (MB): peak = 2096.715 ; gain = 0.000
INFO: [Netlist 29-17] Analyzing 252 Unisim elements for replacement
INFO: [Netlist 29-28] Unisim Transformation completed in 0 CPU seconds
WARNING: [Netlist 29-101] Netlist 'ad9361_tx_top' is not ideal for floorplanning, since the cellview 'ad9361_spi_ctrl' contains a large number of primitives.  Please consider enabling hierarchy in synthesis if you want to do floorplanning.
INFO: [Project 1-570] Preparing netlist for logic optimization
INFO: [Opt 31-138] Pushed 0 inverter(s) to 0 load pin(s).
Netlist sorting complete. Time (s): cpu = 00:00:00 ; elapsed = 00:00:00 . Memory (MB): peak = 2104.402 ; gain = 0.000
INFO: [Project 1-111] Unisim Transformation Summary:
  A total of 12 instances were transformed.
  FDR_1 => FDRE (inverted pins: C): 12 instances

Synth Design complete | Checksum: 7a3e3736
INFO: [Common 17-83] Releasing license: Synthesis
46 Infos, 60 Warnings, 0 Critical Warnings and 0 Errors encountered.
synth_design completed successfully
synth_design: Time (s): cpu = 00:00:42 ; elapsed = 00:00:47 . Memory (MB): peak = 2104.402 ; gain = 1427.121
Write ShapeDB Complete: Time (s): cpu = 00:00:00 ; elapsed = 00:00:00.008 . Memory (MB): peak = 2104.402 ; gain = 0.000
INFO: [Common 17-1381] The checkpoint 'C:/Users/21141/Desktop/AD9361_QPSK/prj/AD9361_QPSK.runs/synth_1/ad9361_tx_top.dcp' has been generated.
INFO: [Vivado 12-24828] Executing command : report_utilization -file ad9361_tx_top_utilization_synth.rpt -pb ad9361_tx_top_utilization_synth.pb
INFO: [Common 17-206] Exiting Vivado at Thu Apr 23 23:51:48 2026...
